*** Using Compiler 'V5.06 update 7 (build 960)', folder: 'C:\Keil_v5\ARM\ARMCC\Bin'
Rebuild target 'uCOS_emWin'
assembling startup_stm32f10x_hd.s...
compiling core_cm3.c...
compiling stm32f10x_fsmc.c...
compiling stm32f10x_dbgmcu.c...
compiling stm32f10x_crc.c...
compiling misc.c...
compiling stm32f10x_bkp.c...
compiling stm32f10x_cec.c...
compiling stm32f10x_exti.c...
compiling stm32f10x_dma.c...
compiling system_stm32f10x.c...
compiling stm32f10x_dac.c...
compiling stm32f10x_adc.c...
compiling stm32f10x_flash.c...
compiling stm32f10x_gpio.c...
compiling stm32f10x_can.c...
compiling stm32f10x_i2c.c...
assembling cpu_a.asm...
assembling lib_mem_a.asm...
compiling stm32f10x_iwdg.c...
compiling stm32f10x_pwr.c...
compiling stm32f10x_rtc.c...
compiling cpu_core.c...
compiling cpu_c.c...
compiling stm32f10x_rcc.c...
compiling lib_ascii.c...
compiling stm32f10x_wwdg.c...
compiling stm32f10x_usart.c...
compiling lib_math.c...
compiling lib_mem.c...
compiling stm32f10x_spi.c...
compiling stm32f10x_sdio.c...
compiling lib_str.c...
compiling stm32f10x_tim.c...
compiling os_cfg_app.c...
compiling os_dbg.c...
compiling os_int.c...
compiling os_flag.c...
compiling os_core.c...
compiling os_mem.c...
compiling os_msg.c...
compiling os_mutex.c...
compiling os_prio.c...
compiling os_pend_multi.c...
compiling os_q.c...
compiling os_stat.c...
assembling os_cpu_a.s...
compiling os_sem.c...
compiling main.c...
compiling stm32f10x_it.c...
compiling os_time.c...
compiling os_tick.c...
compiling os_var.c...
compiling os_tmr.c...
compiling os_task.c...
compiling os_cpu_c.c...
compiling os_app_hooks.c...
compiling GUIConf.c...
compiling bsp_usart1.c...
compiling bsp_led.c...
compiling bsp_ili9341_lcd.c...
compiling LCDConf_FlexColor_Template.c...
compiling bsp.c...
compiling app.c...
compiling block_process.c...
compiling key_code.c...
..\..\User\app\key_code.c(16): warning:  #550-D: variable "crc"  was set but never used
      static uint8_t crc = 0x00;
..\..\User\app\key_code.c(18): warning:  #177-D: variable "tail"  was declared but never referenced
      uint8_t tail = 0x0f;
..\..\User\app\key_code.c: 2 warnings, 0 errors
compiling GUI_X_uCOS.c...
compiling tetriminos_process.c...
compiling tetris_logic_process.c...
linking...
Program Size: Code=48368 RO-data=7668 RW-data=536 ZI-data=63536  
FromELF: creating hex file...
"..\..\Output\tetris.axf" - 0 Error(s), 2 Warning(s).
Build Time Elapsed:  00:00:04
